  Compiling CUDA source file ai.cu...
  
  C:\Users\Admin\Documents\Visual Studio 2015\Projects\Tic-Tac-Toe AI 2.0\Tic-Tac-Toe AI 2.0>"C:\Program Files\NVIDIA GPU Computing Toolkit\CUDA\v8.0\bin\nvcc.exe" -gencode=arch=compute_20,code=\"sm_20,compute_20\" --use-local-env --cl-version 2015 -ccbin "C:\Program Files (x86)\Microsoft Visual Studio 14.0\VC\bin\x86_amd64"  -I"C:\Program Files\NVIDIA GPU Computing Toolkit\CUDA\v8.0\include" -I"C:\Program Files\NVIDIA GPU Computing Toolkit\CUDA\v8.0\include"  -G   --keep-dir x64\Debug -maxrregcount=0  --machine 64 --compile -cudart static  -g   -DWIN32 -DWIN64 -D_DEBUG -D_CONSOLE -D_MBCS -Xcompiler "/EHsc /W3 /nologo /Od /FS /Zi /RTC1 /MDd " -o x64\Debug\ai.cu.obj "C:\Users\Admin\Documents\Visual Studio 2015\Projects\Tic-Tac-Toe AI 2.0\Tic-Tac-Toe AI 2.0\ai.cu" 
C:/Users/Admin/Documents/Visual Studio 2015/Projects/Tic-Tac-Toe AI 2.0/Tic-Tac-Toe AI 2.0/ai.cu(31): warning : transfer of control bypasses initialization of:
C:/Users/Admin/Documents/Visual Studio 2015/Projects/Tic-Tac-Toe AI 2.0/Tic-Tac-Toe AI 2.0/ai.cu(38): warning : transfer of control bypasses initialization of:
C:/Users/Admin/Documents/Visual Studio 2015/Projects/Tic-Tac-Toe AI 2.0/Tic-Tac-Toe AI 2.0/ai.cu(45): warning : transfer of control bypasses initialization of:
C:/Users/Admin/Documents/Visual Studio 2015/Projects/Tic-Tac-Toe AI 2.0/Tic-Tac-Toe AI 2.0/ai.cu(52): warning : transfer of control bypasses initialization of:
C:/Users/Admin/Documents/Visual Studio 2015/Projects/Tic-Tac-Toe AI 2.0/Tic-Tac-Toe AI 2.0/ai.cu(12): warning : variable "cublasStatus" was set but never used
C:/Users/Admin/Documents/Visual Studio 2015/Projects/Tic-Tac-Toe AI 2.0/Tic-Tac-Toe AI 2.0/ai.cu(114): warning : variable "cudaStatus" was set but never used
C:/Users/Admin/Documents/Visual Studio 2015/Projects/Tic-Tac-Toe AI 2.0/Tic-Tac-Toe AI 2.0/ai.cu(177): warning : variable "cublasStatus" was set but never used
C:/Users/Admin/Documents/Visual Studio 2015/Projects/Tic-Tac-Toe AI 2.0/Tic-Tac-Toe AI 2.0/ai.cu(186): warning : variable "cudaStatus" was set but never used
C:/Users/Admin/Documents/Visual Studio 2015/Projects/Tic-Tac-Toe AI 2.0/Tic-Tac-Toe AI 2.0/ai.cu(187): warning : variable "cublasStatus" was set but never used
C:/Users/Admin/Documents/Visual Studio 2015/Projects/Tic-Tac-Toe AI 2.0/Tic-Tac-Toe AI 2.0/ai.cu(31): warning : transfer of control bypasses initialization of:
C:/Users/Admin/Documents/Visual Studio 2015/Projects/Tic-Tac-Toe AI 2.0/Tic-Tac-Toe AI 2.0/ai.cu(38): warning : transfer of control bypasses initialization of:
C:/Users/Admin/Documents/Visual Studio 2015/Projects/Tic-Tac-Toe AI 2.0/Tic-Tac-Toe AI 2.0/ai.cu(45): warning : transfer of control bypasses initialization of:
C:/Users/Admin/Documents/Visual Studio 2015/Projects/Tic-Tac-Toe AI 2.0/Tic-Tac-Toe AI 2.0/ai.cu(52): warning : transfer of control bypasses initialization of:
C:/Users/Admin/Documents/Visual Studio 2015/Projects/Tic-Tac-Toe AI 2.0/Tic-Tac-Toe AI 2.0/ai.cu(12): warning : variable "cublasStatus" was set but never used
C:/Users/Admin/Documents/Visual Studio 2015/Projects/Tic-Tac-Toe AI 2.0/Tic-Tac-Toe AI 2.0/ai.cu(114): warning : variable "cudaStatus" was set but never used
C:/Users/Admin/Documents/Visual Studio 2015/Projects/Tic-Tac-Toe AI 2.0/Tic-Tac-Toe AI 2.0/ai.cu(177): warning : variable "cublasStatus" was set but never used
C:/Users/Admin/Documents/Visual Studio 2015/Projects/Tic-Tac-Toe AI 2.0/Tic-Tac-Toe AI 2.0/ai.cu(186): warning : variable "cudaStatus" was set but never used
C:/Users/Admin/Documents/Visual Studio 2015/Projects/Tic-Tac-Toe AI 2.0/Tic-Tac-Toe AI 2.0/ai.cu(187): warning : variable "cublasStatus" was set but never used
CUDACOMPILE : nvcc warning : The 'compute_20', 'sm_20', and 'sm_21' architectures are deprecated, and may be removed in a future release (Use -Wno-deprecated-gpu-targets to suppress warning).
  ai.cu
  Tic-Tac-Toe AI 2.0.vcxproj -> C:\Users\Admin\Documents\Visual Studio 2015\Projects\Tic-Tac-Toe AI 2.0\x64\Debug\Tic-Tac-Toe AI 2.0.exe
  Tic-Tac-Toe AI 2.0.vcxproj -> C:\Users\Admin\Documents\Visual Studio 2015\Projects\Tic-Tac-Toe AI 2.0\x64\Debug\Tic-Tac-Toe AI 2.0.pdb (Full PDB)
  copy "C:\Program Files\NVIDIA GPU Computing Toolkit\CUDA\v8.0\bin\cudart*.dll" "C:\Users\Admin\Documents\Visual Studio 2015\Projects\Tic-Tac-Toe AI 2.0\x64\Debug\"
  C:\Program Files\NVIDIA GPU Computing Toolkit\CUDA\v8.0\bin\cudart32_80.dll
  C:\Program Files\NVIDIA GPU Computing Toolkit\CUDA\v8.0\bin\cudart64_80.dll
          2 file(s) copied.
